<?xml version="1.0" encoding="UTF-8" standalone="no"?><testsuite errors="0" failures="0" name="Gestion de compras en SauceDemo" skipped="0" tests="6" time="102.58" timestamp="2026-06-01 01:45:28"><testcase name="Ingreso exitoso con credenciales validas"/><testcase name="Ingreso fallido con credenciales incorrectas"/><testcase name="Ingreso bloqueado para usuario restringido"/><testcase name="El comprador agrega un producto al carrito"/><testcase name="El comprador elimina un producto del carrito"/></testsuite>